<?xml version="1.0" encoding="UTF-8"?>
<testsuite xmlns:xsi="http://www.w3.org/2001/XMLSchema-instance" xsi:noNamespaceSchemaLocation="https://maven.apache.org/surefire/maven-surefire-plugin/xsd/surefire-test-report.xsd" name="com.testing1.MathUtilsTest" time="0.071" tests="5" errors="0" skipped="0" failures="0">
  <properties>
[...]
</properties>
  <testcase name="testDivideByNonZero" classname="com.testing1.MathUtilsTest" time="0.008"/>
  <testcase name="testDivideByZero" classname="com.testing1.MathUtilsTest" time="0"/>
  <testcase name="testAdd" classname="com.testing1.MathUtilsTest" time="0"/>
  <testcase name="testSubtract" classname="com.testing1.MathUtilsTest" time="0"/>
  <testcase name="testMultiply" classname="com.testing1.MathUtilsTest" time="0.001"/>
</testsuite>